<?xml version="1.0" encoding="UTF-8"?>
<testng-results skipped="0" failed="2" ignored="0" total="3" passed="1">
  <reporter-output>
  </reporter-output>
  <suite name="Free CRM Application Test " duration-ms="176349" started-at="2019-10-30T14:23:09 WAT" finished-at="2019-10-30T14:26:06 WAT">
    <groups>
    </groups>
    <test name="contact" duration-ms="176349" started-at="2019-10-30T14:23:09 WAT" finished-at="2019-10-30T14:26:06 WAT">
      <class name="com.freecrm.tastcases.ContactPageTest">
        <test-method status="PASS" signature="setup()[pri:0, instance:com.freecrm.tastcases.ContactPageTest@63e2203c]" name="setup" is-config="true" duration-ms="40599" started-at="2019-10-30T14:23:12 WAT" finished-at="2019-10-30T14:23:52 WAT">
          <reporter-output>
          </reporter-output>
        </test-method> <!-- setup -->
        <test-method status="FAIL" signature="addContact(java.lang.String, java.lang.String, java.lang.String, java.lang.String, java.lang.String)[pri:0, instance:com.freecrm.tastcases.ContactPageTest@63e2203c]" name="addContact" duration-ms="16829" started-at="2019-10-30T14:23:52 WAT" data-provider="testdata" finished-at="2019-10-30T14:24:09 WAT">
          <params>
            <param index="0">
              <value>
                <![CDATA[Rajae]]>
              </value>
            </param>
            <param index="1">
              <value>
                <![CDATA[Halabi]]>
              </value>
            </param>
            <param index="2">
              <value>
                <![CDATA[Mme]]>
              </value>
            </param>
            <param index="3">
              <value>
                <![CDATA[Foxsoft]]>
              </value>
            </param>
            <param index="4">
              <value>
                <![CDATA[Ingenieur]]>
              </value>
            </param>
          </params>
          <exception class="java.lang.AssertionError">
            <message>
              <![CDATA[expected [Youssef Machkira] but found [Rajae Halabi]]]>
            </message>
            <full-stacktrace>
              <![CDATA[java.lang.AssertionError: expected [Youssef Machkira] but found [Rajae Halabi]
at org.testng.Assert.fail(Assert.java:97)
at org.testng.Assert.assertEqualsImpl(Assert.java:136)
at org.testng.Assert.assertEquals(Assert.java:118)
at org.testng.Assert.assertEquals(Assert.java:575)
at org.testng.Assert.assertEquals(Assert.java:585)
at com.freecrm.tastcases.ContactPageTest.addContact(ContactPageTest.java:73)
at sun.reflect.NativeMethodAccessorImpl.invoke0(Native Method)
at sun.reflect.NativeMethodAccessorImpl.invoke(NativeMethodAccessorImpl.java:62)
at sun.reflect.DelegatingMethodAccessorImpl.invoke(DelegatingMethodAccessorImpl.java:43)
at java.lang.reflect.Method.invoke(Method.java:498)
at org.testng.internal.MethodInvocationHelper.invokeMethod(MethodInvocationHelper.java:133)
at org.testng.internal.TestInvoker.invokeMethod(TestInvoker.java:584)
at org.testng.internal.TestInvoker.invokeTestMethod(TestInvoker.java:172)
at org.testng.internal.MethodRunner.runInSequence(MethodRunner.java:46)
at org.testng.internal.TestInvoker$MethodInvocationAgent.invoke(TestInvoker.java:804)
at org.testng.internal.TestInvoker.invokeTestMethods(TestInvoker.java:145)
at org.testng.internal.TestMethodWorker.invokeTestMethods(TestMethodWorker.java:146)
at org.testng.internal.TestMethodWorker.run(TestMethodWorker.java:128)
at java.util.ArrayList.forEach(ArrayList.java:1257)
at org.testng.TestRunner.privateRun(TestRunner.java:770)
at org.testng.TestRunner.run(TestRunner.java:591)
at org.testng.SuiteRunner.runTest(SuiteRunner.java:402)
at org.testng.SuiteRunner.runSequentially(SuiteRunner.java:396)
at org.testng.SuiteRunner.privateRun(SuiteRunner.java:355)
at org.testng.SuiteRunner.run(SuiteRunner.java:304)
at org.testng.SuiteRunnerWorker.runSuite(SuiteRunnerWorker.java:53)
at org.testng.SuiteRunnerWorker.run(SuiteRunnerWorker.java:96)
at org.testng.TestNG.runSuitesSequentially(TestNG.java:1180)
at org.testng.TestNG.runSuitesLocally(TestNG.java:1102)
at org.testng.TestNG.runSuites(TestNG.java:1032)
at org.testng.TestNG.run(TestNG.java:1000)
at org.testng.remote.AbstractRemoteTestNG.run(AbstractRemoteTestNG.java:115)
at org.testng.remote.RemoteTestNG.initAndRun(RemoteTestNG.java:251)
at org.testng.remote.RemoteTestNG.main(RemoteTestNG.java:77)
]]>
            </full-stacktrace>
          </exception> <!-- java.lang.AssertionError -->
          <reporter-output>
          </reporter-output>
        </test-method> <!-- addContact -->
        <test-method status="PASS" signature="quit()[pri:0, instance:com.freecrm.tastcases.ContactPageTest@63e2203c]" name="quit" is-config="true" duration-ms="3642" started-at="2019-10-30T14:24:09 WAT" finished-at="2019-10-30T14:24:13 WAT">
          <reporter-output>
          </reporter-output>
        </test-method> <!-- quit -->
        <test-method status="PASS" signature="setup()[pri:0, instance:com.freecrm.tastcases.ContactPageTest@63e2203c]" name="setup" is-config="true" duration-ms="29203" started-at="2019-10-30T14:24:13 WAT" finished-at="2019-10-30T14:24:42 WAT">
          <reporter-output>
          </reporter-output>
        </test-method> <!-- setup -->
        <test-method status="PASS" signature="addContact(java.lang.String, java.lang.String, java.lang.String, java.lang.String, java.lang.String)[pri:0, instance:com.freecrm.tastcases.ContactPageTest@63e2203c]" name="addContact" duration-ms="16561" started-at="2019-10-30T14:24:42 WAT" data-provider="testdata" finished-at="2019-10-30T14:24:59 WAT">
          <params>
            <param index="0">
              <value>
                <![CDATA[Youssef]]>
              </value>
            </param>
            <param index="1">
              <value>
                <![CDATA[Machkira]]>
              </value>
            </param>
            <param index="2">
              <value>
                <![CDATA[Mr]]>
              </value>
            </param>
            <param index="3">
              <value>
                <![CDATA[PCA]]>
              </value>
            </param>
            <param index="4">
              <value>
                <![CDATA[directeur]]>
              </value>
            </param>
          </params>
          <reporter-output>
          </reporter-output>
        </test-method> <!-- addContact -->
        <test-method status="PASS" signature="quit()[pri:0, instance:com.freecrm.tastcases.ContactPageTest@63e2203c]" name="quit" is-config="true" duration-ms="3086" started-at="2019-10-30T14:24:59 WAT" finished-at="2019-10-30T14:25:02 WAT">
          <reporter-output>
          </reporter-output>
        </test-method> <!-- quit -->
        <test-method status="PASS" signature="setup()[pri:0, instance:com.freecrm.tastcases.ContactPageTest@63e2203c]" name="setup" is-config="true" duration-ms="43696" started-at="2019-10-30T14:25:02 WAT" finished-at="2019-10-30T14:25:45 WAT">
          <reporter-output>
          </reporter-output>
        </test-method> <!-- setup -->
        <test-method status="FAIL" signature="addContact(java.lang.String, java.lang.String, java.lang.String, java.lang.String, java.lang.String)[pri:0, instance:com.freecrm.tastcases.ContactPageTest@63e2203c]" name="addContact" duration-ms="17039" started-at="2019-10-30T14:25:45 WAT" data-provider="testdata" finished-at="2019-10-30T14:26:03 WAT">
          <params>
            <param index="0">
              <value>
                <![CDATA[Meriem]]>
              </value>
            </param>
            <param index="1">
              <value>
                <![CDATA[Machkira2015]]>
              </value>
            </param>
            <param index="2">
              <value>
                <![CDATA[Mlle]]>
              </value>
            </param>
            <param index="3">
              <value>
                <![CDATA[Badri]]>
              </value>
            </param>
            <param index="4">
              <value>
                <![CDATA[eleve]]>
              </value>
            </param>
          </params>
          <exception class="java.lang.AssertionError">
            <message>
              <![CDATA[expected [Youssef Machkira] but found [Meriem Machkira2015]]]>
            </message>
            <full-stacktrace>
              <![CDATA[java.lang.AssertionError: expected [Youssef Machkira] but found [Meriem Machkira2015]
at org.testng.Assert.fail(Assert.java:97)
at org.testng.Assert.assertEqualsImpl(Assert.java:136)
at org.testng.Assert.assertEquals(Assert.java:118)
at org.testng.Assert.assertEquals(Assert.java:575)
at org.testng.Assert.assertEquals(Assert.java:585)
at com.freecrm.tastcases.ContactPageTest.addContact(ContactPageTest.java:73)
at sun.reflect.NativeMethodAccessorImpl.invoke0(Native Method)
at sun.reflect.NativeMethodAccessorImpl.invoke(NativeMethodAccessorImpl.java:62)
at sun.reflect.DelegatingMethodAccessorImpl.invoke(DelegatingMethodAccessorImpl.java:43)
at java.lang.reflect.Method.invoke(Method.java:498)
at org.testng.internal.MethodInvocationHelper.invokeMethod(MethodInvocationHelper.java:133)
at org.testng.internal.TestInvoker.invokeMethod(TestInvoker.java:584)
at org.testng.internal.TestInvoker.invokeTestMethod(TestInvoker.java:172)
at org.testng.internal.MethodRunner.runInSequence(MethodRunner.java:46)
at org.testng.internal.TestInvoker$MethodInvocationAgent.invoke(TestInvoker.java:804)
at org.testng.internal.TestInvoker.invokeTestMethods(TestInvoker.java:145)
at org.testng.internal.TestMethodWorker.invokeTestMethods(TestMethodWorker.java:146)
at org.testng.internal.TestMethodWorker.run(TestMethodWorker.java:128)
at java.util.ArrayList.forEach(ArrayList.java:1257)
at org.testng.TestRunner.privateRun(TestRunner.java:770)
at org.testng.TestRunner.run(TestRunner.java:591)
at org.testng.SuiteRunner.runTest(SuiteRunner.java:402)
at org.testng.SuiteRunner.runSequentially(SuiteRunner.java:396)
at org.testng.SuiteRunner.privateRun(SuiteRunner.java:355)
at org.testng.SuiteRunner.run(SuiteRunner.java:304)
at org.testng.SuiteRunnerWorker.runSuite(SuiteRunnerWorker.java:53)
at org.testng.SuiteRunnerWorker.run(SuiteRunnerWorker.java:96)
at org.testng.TestNG.runSuitesSequentially(TestNG.java:1180)
at org.testng.TestNG.runSuitesLocally(TestNG.java:1102)
at org.testng.TestNG.runSuites(TestNG.java:1032)
at org.testng.TestNG.run(TestNG.java:1000)
at org.testng.remote.AbstractRemoteTestNG.run(AbstractRemoteTestNG.java:115)
at org.testng.remote.RemoteTestNG.initAndRun(RemoteTestNG.java:251)
at org.testng.remote.RemoteTestNG.main(RemoteTestNG.java:77)
]]>
            </full-stacktrace>
          </exception> <!-- java.lang.AssertionError -->
          <reporter-output>
          </reporter-output>
        </test-method> <!-- addContact -->
        <test-method status="PASS" signature="quit()[pri:0, instance:com.freecrm.tastcases.ContactPageTest@63e2203c]" name="quit" is-config="true" duration-ms="3022" started-at="2019-10-30T14:26:03 WAT" finished-at="2019-10-30T14:26:06 WAT">
          <reporter-output>
          </reporter-output>
        </test-method> <!-- quit -->
      </class> <!-- com.freecrm.tastcases.ContactPageTest -->
    </test> <!-- contact -->
  </suite> <!-- Free CRM Application Test  -->
</testng-results>
